<?xml version="1.0" encoding="UTF-8"?>
<testng-results ignored="0" total="2" passed="2" failed="0" skipped="0">
  <reporter-output>
  </reporter-output>
  <suite started-at="2022-08-19T00:41:23 WIB" name="Default suite" finished-at="2022-08-19T00:42:21 WIB" duration-ms="57716">
    <groups>
    </groups>
    <test started-at="2022-08-19T00:41:23 WIB" name="Default test" finished-at="2022-08-19T00:42:21 WIB" duration-ms="57716">
      <class name="com.juaracoding.pageobject.TestPostTest18">
        <test-method is-config="true" signature="setUP()[pri:0, instance:com.juaracoding.pageobject.TestPostTest18@cd3fee8]" started-at="2022-08-19T00:41:23 WIB" name="setUP" finished-at="2022-08-19T00:41:59 WIB" duration-ms="36085" status="PASS">
          <reporter-output>
          </reporter-output>
        </test-method> <!-- setUP -->
        <test-method is-config="true" signature="pageObject()[pri:0, instance:com.juaracoding.pageobject.TestPostTest18@cd3fee8]" started-at="2022-08-19T00:41:59 WIB" name="pageObject" finished-at="2022-08-19T00:42:00 WIB" duration-ms="12" status="PASS">
          <reporter-output>
          </reporter-output>
        </test-method> <!-- pageObject -->
        <test-method signature="testSearchSatu()[pri:1, instance:com.juaracoding.pageobject.TestPostTest18@cd3fee8]" started-at="2022-08-19T00:42:00 WIB" name="testSearchSatu" finished-at="2022-08-19T00:42:07 WIB" duration-ms="7264" status="PASS">
          <reporter-output>
          </reporter-output>
        </test-method> <!-- testSearchSatu -->
        <test-method is-config="true" signature="pageObject()[pri:0, instance:com.juaracoding.pageobject.TestPostTest18@cd3fee8]" started-at="2022-08-19T00:42:07 WIB" name="pageObject" finished-at="2022-08-19T00:42:07 WIB" duration-ms="1" status="PASS">
          <reporter-output>
          </reporter-output>
        </test-method> <!-- pageObject -->
        <test-method signature="testSearchDua()[pri:2, instance:com.juaracoding.pageobject.TestPostTest18@cd3fee8]" started-at="2022-08-19T00:42:07 WIB" name="testSearchDua" finished-at="2022-08-19T00:42:15 WIB" duration-ms="8693" status="PASS">
          <reporter-output>
          </reporter-output>
        </test-method> <!-- testSearchDua -->
        <test-method is-config="true" signature="CloseBrowser()[pri:0, instance:com.juaracoding.pageobject.TestPostTest18@cd3fee8]" started-at="2022-08-19T00:42:15 WIB" name="CloseBrowser" finished-at="2022-08-19T00:42:21 WIB" duration-ms="5638" status="PASS">
          <reporter-output>
          </reporter-output>
        </test-method> <!-- CloseBrowser -->
      </class> <!-- com.juaracoding.pageobject.TestPostTest18 -->
    </test> <!-- Default test -->
  </suite> <!-- Default suite -->
</testng-results>
